-Xajruntimetarget:1.5
-Xlint:ignore
-1.6
-encoding
UTF-8
-source
1.6
-target
1.6
-classpath
/root/.m2/repository/org/springframework/boot/spring-boot-starter/1.4.1.RELEASE/spring-boot-starter-1.4.1.RELEASE.jar:/root/.m2/repository/org/springframework/boot/spring-boot-starter-test/1.4.1.RELEASE/spring-boot-starter-test-1.4.1.RELEASE.jar:/root/.m2/repository/org/springframework/boot/spring-boot-devtools/1.4.1.RELEASE/spring-boot-devtools-1.4.1.RELEASE.jar:/root/.m2/repository/org/springframework/roo/org.springframework.roo.annotations/2.0.0.M3/org.springframework.roo.annotations-2.0.0.M3.pom:/root/.m2/repository/org/aspectj/aspectjrt/1.8.9/aspectjrt-1.8.9.jar:/root/.m2/repository/org/apache/commons/commons-lang3/3.4/commons-lang3-3.4.jar:/root/.m2/repository/org/assertj/assertj-core/2.5.0/assertj-core-2.5.0.jar:/root/.m2/repository/org/springframework/boot/spring-boot-starter-data-jpa/1.4.1.RELEASE/spring-boot-starter-data-jpa-1.4.1.RELEASE.jar:/root/.m2/repository/org/springframework/boot/spring-boot-starter-jdbc/1.4.1.RELEASE/spring-boot-starter-jdbc-1.4.1.RELEASE.jar:/root/.m2/repository/org/postgresql/postgresql/9.4.1211.jre7/postgresql-9.4.1211.jre7.jar:/root/.m2/repository/io/springlets/springlets-data-jpa/1.0.0.RELEASE/springlets-data-jpa-1.0.0.RELEASE.jar:/root/.m2/repository/io/springlets/springlets-data-commons/1.0.0.RELEASE/springlets-data-commons-1.0.0.RELEASE.jar:/root/.m2/repository/javax/validation/validation-api/1.1.0.Final/validation-api-1.1.0.Final.jar:/root/.m2/repository/com/querydsl/querydsl-jpa/4.1.4/querydsl-jpa-4.1.4.jar:/root/.m2/repository/org/springframework/roo/org.springframework.roo.querydsl.processor/2.0.0.RELEASE/org.springframework.roo.querydsl.processor-2.0.0.RELEASE.jar:/root/.m2/repository/org/springframework/boot/spring-boot-starter-web/1.4.1.RELEASE/spring-boot-starter-web-1.4.1.RELEASE.jar:/root/.m2/repository/joda-time/joda-time/2.9.4/joda-time-2.9.4.jar:/root/.m2/repository/io/tracee/binding/tracee-springmvc/1.1.2/tracee-springmvc-1.1.2.jar:/root/.m2/repository/io/springlets/springlets-boot-starter-web/1.0.0.RELEASE/springlets-boot-starter-web-1.0.0.RELEASE.jar:/root/.m2/repository/org/springframework/boot/spring-boot-starter-thymeleaf/1.4.1.RELEASE/spring-boot-starter-thymeleaf-1.4.1.RELEASE.jar:/root/.m2/repository/nz/net/ultraq/thymeleaf/thymeleaf-layout-dialect/2.0.0/thymeleaf-layout-dialect-2.0.0.jar:/root/.m2/repository/com/github/mxab/thymeleaf/extras/thymeleaf-extras-data-attribute/2.0.1/thymeleaf-extras-data-attribute-2.0.1.jar:/root/.m2/repository/org/webjars/webjars-locator/0.32/webjars-locator-0.32.jar:/root/.m2/repository/org/webjars/bower/bootstrap/3.3.6/bootstrap-3.3.6.jar:/root/.m2/repository/org/webjars/bower/datatables/1.10.11/datatables-1.10.11.jar:/root/.m2/repository/org/webjars/bower/datatables.net-bs/1.10.11/datatables.net-bs-1.10.11.jar:/root/.m2/repository/org/webjars/bower/datatables.net-buttons/1.1.2/datatables.net-buttons-1.1.2.jar:/root/.m2/repository/org/webjars/bower/datatables.net-buttons-bs/1.1.2/datatables.net-buttons-bs-1.1.2.jar:/root/.m2/repository/org/webjars/bower/datatables.net-responsive/2.0.2/datatables.net-responsive-2.0.2.jar:/root/.m2/repository/org/webjars/bower/datatables.net-responsive-bs/2.0.2/datatables.net-responsive-bs-2.0.2.jar:/root/.m2/repository/org/webjars/bower/datatables.net-select/1.1.2/datatables.net-select-1.1.2.jar:/root/.m2/repository/org/webjars/bower/datatables.net-select-bs/1.1.2/datatables.net-select-bs-1.1.2.jar:/root/.m2/repository/org/webjars/bower/datetimepicker/2.5.4/datetimepicker-2.5.4.jar:/root/.m2/repository/org/webjars/bower/font-awesome/4.6.2/font-awesome-4.6.2.jar:/root/.m2/repository/org/webjars/bower/jquery/1.12.3/jquery-1.12.3.jar:/root/.m2/repository/org/webjars/jquery.inputmask/3.3.1/jquery.inputmask-3.3.1.jar:/root/.m2/repository/org/webjars/bower/jquery-validation/1.15.0/jquery-validation-1.15.0.jar:/root/.m2/repository/org/webjars/bower/momentjs/2.13.0/momentjs-2.13.0.jar:/root/.m2/repository/org/webjars/bower/select2/4.0.3/select2-4.0.3.jar:/root/.m2/repository/org/webjars/bower/select2-bootstrap-theme/0.1.0-beta.7/select2-bootstrap-theme-0.1.0-beta.7.jar:/root/.m2/repository/org/springframework/boot/spring-boot-starter-security/1.4.1.RELEASE/spring-boot-starter-security-1.4.1.RELEASE.jar:/root/.m2/repository/org/thymeleaf/extras/thymeleaf-extras-springsecurity4/3.0.0.RELEASE/thymeleaf-extras-springsecurity4-3.0.0.RELEASE.jar:/root/.m2/repository/org/springframework/security/spring-security-core/4.1.3.RELEASE/spring-security-core-4.1.3.RELEASE.jar:/root/.m2/repository/org/apache/cxf/cxf-spring-boot-starter-jaxws/3.1.8/cxf-spring-boot-starter-jaxws-3.1.8.jar:/root/.m2/repository/io/tracee/binding/tracee-jaxws/1.1.2/tracee-jaxws-1.1.2.jar:/root/.m2/repository/io/tracee/binding/tracee-cxf/1.1.2/tracee-cxf-1.1.2.jar:/root/.m2/repository/org/springframework/boot/spring-boot/1.4.1.RELEASE/spring-boot-1.4.1.RELEASE.jar:/root/.m2/repository/org/springframework/boot/spring-boot-autoconfigure/1.4.1.RELEASE/spring-boot-autoconfigure-1.4.1.RELEASE.jar:/root/.m2/repository/org/springframework/boot/spring-boot-starter-logging/1.4.1.RELEASE/spring-boot-starter-logging-1.4.1.RELEASE.jar:/root/.m2/repository/ch/qos/logback/logback-classic/1.1.7/logback-classic-1.1.7.jar:/root/.m2/repository/ch/qos/logback/logback-core/1.1.7/logback-core-1.1.7.jar:/root/.m2/repository/org/slf4j/jcl-over-slf4j/1.7.21/jcl-over-slf4j-1.7.21.jar:/root/.m2/repository/org/slf4j/jul-to-slf4j/1.7.21/jul-to-slf4j-1.7.21.jar:/root/.m2/repository/org/slf4j/log4j-over-slf4j/1.7.21/log4j-over-slf4j-1.7.21.jar:/root/.m2/repository/org/springframework/spring-core/4.3.3.RELEASE/spring-core-4.3.3.RELEASE.jar:/root/.m2/repository/org/springframework/roo/org.springframework.roo.addon.configurable.annotations/2.0.0.M3/org.springframework.roo.addon.configurable.annotations-2.0.0.M3.jar:/root/.m2/repository/org/springframework/roo/org.springframework.roo.addon.dod.annotations/2.0.0.M3/org.springframework.roo.addon.dod.annotations-2.0.0.M3.jar:/root/.m2/repository/org/springframework/roo/org.springframework.roo.addon.javabean.annotations/2.0.0.M3/org.springframework.roo.addon.javabean.annotations-2.0.0.M3.jar:/root/.m2/repository/org/springframework/roo/org.springframework.roo.addon.jpa.annotations/2.0.0.M3/org.springframework.roo.addon.jpa.annotations-2.0.0.M3.jar:/root/.m2/repository/org/springframework/roo/org.springframework.roo.addon.layers.repository.jpa.annotations/2.0.0.M3/org.springframework.roo.addon.layers.repository.jpa.annotations-2.0.0.M3.jar:/root/.m2/repository/org/springframework/roo/org.springframework.roo.addon.layers.service.annotations/2.0.0.M3/org.springframework.roo.addon.layers.service.annotations-2.0.0.M3.jar:/root/.m2/repository/org/springframework/roo/org.springframework.roo.addon.plural.annotations/2.0.0.M3/org.springframework.roo.addon.plural.annotations-2.0.0.M3.jar:/root/.m2/repository/org/springframework/roo/org.springframework.roo.addon.security.annotations/2.0.0.M3/org.springframework.roo.addon.security.annotations-2.0.0.M3.jar:/root/.m2/repository/org/springframework/roo/org.springframework.roo.addon.test.annotations/2.0.0.M3/org.springframework.roo.addon.test.annotations-2.0.0.M3.jar:/root/.m2/repository/org/springframework/roo/org.springframework.roo.addon.web.mvc.controller.annotations/2.0.0.M3/org.springframework.roo.addon.web.mvc.controller.annotations-2.0.0.M3.jar:/root/.m2/repository/org/springframework/roo/org.springframework.roo.addon.web.mvc.exceptions.annotations/2.0.0.M3/org.springframework.roo.addon.web.mvc.exceptions.annotations-2.0.0.M3.jar:/root/.m2/repository/org/springframework/roo/org.springframework.roo.addon.web.mvc.thymeleaf.annotations/2.0.0.M3/org.springframework.roo.addon.web.mvc.thymeleaf.annotations-2.0.0.M3.jar:/root/.m2/repository/org/springframework/roo/org.springframework.roo.classpath/2.0.0.M3/org.springframework.roo.classpath-2.0.0.M3.jar:/root/.m2/repository/org/apache/felix/org.apache.felix.scr.annotations/1.9.12/org.apache.felix.scr.annotations-1.9.12.jar:/root/.m2/repository/org/springframework/roo/org.springframework.roo.file.monitor/2.0.0.M3/org.springframework.roo.file.monitor-2.0.0.M3.jar:/root/.m2/repository/org/springframework/roo/org.springframework.roo.file.undo/2.0.0.M3/org.springframework.roo.file.undo-2.0.0.M3.jar:/root/.m2/repository/org/springframework/roo/org.springframework.roo.metadata/2.0.0.M3/org.springframework.roo.metadata-2.0.0.M3.jar:/root/.m2/repository/org/springframework/roo/org.springframework.roo.model/2.0.0.M3/org.springframework.roo.model-2.0.0.M3.jar:/root/.m2/repository/org/springframework/roo/org.springframework.roo.process.manager/2.0.0.M3/org.springframework.roo.process.manager-2.0.0.M3.jar:/root/.m2/repository/org/springframework/roo/org.springframework.roo.shell.osgi/2.0.0.M3/org.springframework.roo.shell.osgi-2.0.0.M3.jar:/root/.m2/repository/org/springframework/roo/org.springframework.roo.project/2.0.0.M3/org.springframework.roo.project-2.0.0.M3.jar:/root/.m2/repository/org/apache/felix/org.apache.felix.framework/5.4.0/org.apache.felix.framework-5.4.0.jar:/root/.m2/repository/org/springframework/roo/org.springframework.roo.shell/2.0.0.M3/org.springframework.roo.shell-2.0.0.M3.jar:/root/.m2/repository/org/springframework/roo/org.springframework.roo.support/2.0.0.M3/org.springframework.roo.support-2.0.0.M3.jar:/root/.m2/repository/commons-io/commons-io/2.5/commons-io-2.5.jar:/root/.m2/repository/commons-codec/commons-codec/1.10/commons-codec-1.10.jar:/root/.m2/repository/org/springframework/roo/org.springframework.roo.settings/2.0.0.M3/org.springframework.roo.settings-2.0.0.M3.jar:/root/.m2/repository/org/springframework/roo/org.springframework.roo.propfiles.manager/2.0.0.M3/org.springframework.roo.propfiles.manager-2.0.0.M3.jar:/root/.m2/repository/org/springframework/roo/wrapping/org.springframework.roo.wrapping.inflector/0.7.0.010/org.springframework.roo.wrapping.inflector-0.7.0.010.jar:/root/.m2/repository/org/springframework/roo/org.springframework.roo.addon.dto.annotations/2.0.0.M3/org.springframework.roo.addon.dto.annotations-2.0.0.M3.jar:/root/.m2/repository/org/springframework/roo/org.springframework.roo.addon.ws.annotations/2.0.0.M3/org.springframework.roo.addon.ws.annotations-2.0.0.M3.jar:/root/.m2/repository/org/springframework/boot/spring-boot-starter-aop/1.4.1.RELEASE/spring-boot-starter-aop-1.4.1.RELEASE.jar:/root/.m2/repository/org/aspectj/aspectjweaver/1.8.9/aspectjweaver-1.8.9.jar:/root/.m2/repository/org/hibernate/hibernate-core/5.0.11.Final/hibernate-core-5.0.11.Final.jar:/root/.m2/repository/org/jboss/logging/jboss-logging/3.3.0.Final/jboss-logging-3.3.0.Final.jar:/root/.m2/repository/org/hibernate/javax/persistence/hibernate-jpa-2.1-api/1.0.0.Final/hibernate-jpa-2.1-api-1.0.0.Final.jar:/root/.m2/repository/org/javassist/javassist/3.20.0-GA/javassist-3.20.0-GA.jar:/root/.m2/repository/antlr/antlr/2.7.7/antlr-2.7.7.jar:/root/.m2/repository/org/jboss/jandex/2.0.0.Final/jandex-2.0.0.Final.jar:/root/.m2/repository/dom4j/dom4j/1.6.1/dom4j-1.6.1.jar:/root/.m2/repository/xml-apis/xml-apis/1.4.01/xml-apis-1.4.01.jar:/root/.m2/repository/org/hibernate/common/hibernate-commons-annotations/5.0.1.Final/hibernate-commons-annotations-5.0.1.Final.jar:/root/.m2/repository/org/hibernate/hibernate-entitymanager/5.0.11.Final/hibernate-entitymanager-5.0.11.Final.jar:/root/.m2/repository/javax/transaction/javax.transaction-api/1.2/javax.transaction-api-1.2.jar:/root/.m2/repository/org/springframework/data/spring-data-jpa/1.10.3.RELEASE/spring-data-jpa-1.10.3.RELEASE.jar:/root/.m2/repository/org/springframework/data/spring-data-commons/1.12.3.RELEASE/spring-data-commons-1.12.3.RELEASE.jar:/root/.m2/repository/org/springframework/spring-orm/4.3.3.RELEASE/spring-orm-4.3.3.RELEASE.jar:/root/.m2/repository/org/springframework/spring-tx/4.3.3.RELEASE/spring-tx-4.3.3.RELEASE.jar:/root/.m2/repository/org/springframework/spring-aspects/4.3.3.RELEASE/spring-aspects-4.3.3.RELEASE.jar:/root/.m2/repository/org/apache/tomcat/tomcat-jdbc/8.5.5/tomcat-jdbc-8.5.5.jar:/root/.m2/repository/org/apache/tomcat/tomcat-juli/8.5.5/tomcat-juli-8.5.5.jar:/root/.m2/repository/org/springframework/spring-jdbc/4.3.3.RELEASE/spring-jdbc-4.3.3.RELEASE.jar:/root/.m2/repository/com/querydsl/querydsl-core/4.1.4/querydsl-core-4.1.4.jar:/root/.m2/repository/com/google/guava/guava/17.0/guava-17.0.jar:/root/.m2/repository/com/google/code/findbugs/jsr305/3.0.1/jsr305-3.0.1.jar:/root/.m2/repository/com/mysema/commons/mysema-commons-lang/0.2.4/mysema-commons-lang-0.2.4.jar:/root/.m2/repository/com/infradna/tool/bridge-method-annotation/1.13/bridge-method-annotation-1.13.jar:/root/.m2/repository/org/slf4j/slf4j-api/1.7.21/slf4j-api-1.7.21.jar:/root/.m2/repository/org/springframework/boot/spring-boot-starter-tomcat/1.4.1.RELEASE/spring-boot-starter-tomcat-1.4.1.RELEASE.jar:/root/.m2/repository/org/apache/tomcat/embed/tomcat-embed-core/8.5.5/tomcat-embed-core-8.5.5.jar:/root/.m2/repository/org/apache/tomcat/embed/tomcat-embed-el/8.5.5/tomcat-embed-el-8.5.5.jar:/root/.m2/repository/org/apache/tomcat/embed/tomcat-embed-websocket/8.5.5/tomcat-embed-websocket-8.5.5.jar:/root/.m2/repository/org/hibernate/hibernate-validator/5.2.4.Final/hibernate-validator-5.2.4.Final.jar:/root/.m2/repository/com/fasterxml/classmate/1.3.1/classmate-1.3.1.jar:/root/.m2/repository/com/fasterxml/jackson/core/jackson-databind/2.8.3/jackson-databind-2.8.3.jar:/root/.m2/repository/com/fasterxml/jackson/core/jackson-annotations/2.8.3/jackson-annotations-2.8.3.jar:/root/.m2/repository/com/fasterxml/jackson/core/jackson-core/2.8.3/jackson-core-2.8.3.jar:/root/.m2/repository/org/springframework/spring-web/4.3.3.RELEASE/spring-web-4.3.3.RELEASE.jar:/root/.m2/repository/org/springframework/spring-webmvc/4.3.3.RELEASE/spring-webmvc-4.3.3.RELEASE.jar:/root/.m2/repository/io/tracee/tracee-api/1.1.2/tracee-api-1.1.2.jar:/root/.m2/repository/io/tracee/tracee-core/1.1.2/tracee-core-1.1.2.jar:/root/.m2/repository/io/springlets/springlets-autoconfigure/1.0.0.RELEASE/springlets-autoconfigure-1.0.0.RELEASE.jar:/root/.m2/repository/io/springlets/springlets-web/1.0.0.RELEASE/springlets-web-1.0.0.RELEASE.jar:/root/.m2/repository/com/fasterxml/jackson/datatype/jackson-datatype-hibernate5/2.8.3/jackson-datatype-hibernate5-2.8.3.jar:/root/.m2/repository/javax/transaction/jta/1.1/jta-1.1.jar:/root/.m2/repository/org/thymeleaf/thymeleaf-spring4/3.0.0.RELEASE/thymeleaf-spring4-3.0.0.RELEASE.jar:/root/.m2/repository/org/codehaus/groovy/groovy/2.4.7/groovy-2.4.7.jar:/root/.m2/repository/nz/net/ultraq/thymeleaf/thymeleaf-expression-processor/1.1.0/thymeleaf-expression-processor-1.1.0.jar:/root/.m2/repository/org/thymeleaf/thymeleaf/3.0.0.RELEASE/thymeleaf-3.0.0.RELEASE.jar:/root/.m2/repository/ognl/ognl/3.1.3/ognl-3.1.3.jar:/root/.m2/repository/org/attoparser/attoparser/2.0.0.RELEASE/attoparser-2.0.0.RELEASE.jar:/root/.m2/repository/org/unbescape/unbescape/1.1.3.RELEASE/unbescape-1.1.3.RELEASE.jar:/root/.m2/repository/org/webjars/webjars-locator-core/0.30/webjars-locator-core-0.30.jar:/root/.m2/repository/org/apache/commons/commons-compress/1.9/commons-compress-1.9.jar:/root/.m2/repository/org/webjars/bower/datatables.net/1.10.13/datatables.net-1.10.13.jar:/root/.m2/repository/org/webjars/bower/jquery-mousewheel/3.1.13/jquery-mousewheel-3.1.13.jar:/root/.m2/repository/org/webjars/bower/php-date-formatter/1.3.3/php-date-formatter-1.3.3.jar:/root/.m2/repository/org/webjars/jquery/1.11.1/jquery-1.11.1.jar:/root/.m2/repository/org/springframework/spring-aop/4.3.3.RELEASE/spring-aop-4.3.3.RELEASE.jar:/root/.m2/repository/org/springframework/security/spring-security-config/4.1.3.RELEASE/spring-security-config-4.1.3.RELEASE.jar:/root/.m2/repository/org/springframework/security/spring-security-web/4.1.3.RELEASE/spring-security-web-4.1.3.RELEASE.jar:/root/.m2/repository/aopalliance/aopalliance/1.0/aopalliance-1.0.jar:/root/.m2/repository/org/springframework/spring-beans/4.3.3.RELEASE/spring-beans-4.3.3.RELEASE.jar:/root/.m2/repository/org/springframework/spring-context/4.3.3.RELEASE/spring-context-4.3.3.RELEASE.jar:/root/.m2/repository/org/springframework/spring-expression/4.3.3.RELEASE/spring-expression-4.3.3.RELEASE.jar:/root/.m2/repository/org/apache/cxf/cxf-spring-boot-autoconfigure/3.1.8/cxf-spring-boot-autoconfigure-3.1.8.jar:/root/.m2/repository/org/apache/cxf/cxf-rt-transports-http/3.1.8/cxf-rt-transports-http-3.1.8.jar:/root/.m2/repository/org/apache/cxf/cxf-core/3.1.8/cxf-core-3.1.8.jar:/root/.m2/repository/org/codehaus/woodstox/woodstox-core-asl/4.4.1/woodstox-core-asl-4.4.1.jar:/root/.m2/repository/org/codehaus/woodstox/stax2-api/3.1.4/stax2-api-3.1.4.jar:/root/.m2/repository/org/apache/ws/xmlschema/xmlschema-core/2.2.1/xmlschema-core-2.2.1.jar:/root/.m2/repository/org/apache/cxf/cxf-rt-frontend-jaxws/3.1.8/cxf-rt-frontend-jaxws-3.1.8.jar:/root/.m2/repository/xml-resolver/xml-resolver/1.2/xml-resolver-1.2.jar:/root/.m2/repository/org/ow2/asm/asm/5.0.4/asm-5.0.4.jar:/root/.m2/repository/org/apache/cxf/cxf-rt-bindings-soap/3.1.8/cxf-rt-bindings-soap-3.1.8.jar:/root/.m2/repository/org/apache/cxf/cxf-rt-wsdl/3.1.8/cxf-rt-wsdl-3.1.8.jar:/root/.m2/repository/wsdl4j/wsdl4j/1.6.3/wsdl4j-1.6.3.jar:/root/.m2/repository/org/apache/cxf/cxf-rt-databinding-jaxb/3.1.8/cxf-rt-databinding-jaxb-3.1.8.jar:/root/.m2/repository/com/sun/xml/bind/jaxb-impl/2.2.11/jaxb-impl-2.2.11.jar:/root/.m2/repository/com/sun/xml/bind/jaxb-core/2.2.11/jaxb-core-2.2.11.jar:/root/.m2/repository/org/apache/cxf/cxf-rt-bindings-xml/3.1.8/cxf-rt-bindings-xml-3.1.8.jar:/root/.m2/repository/org/apache/cxf/cxf-rt-frontend-simple/3.1.8/cxf-rt-frontend-simple-3.1.8.jar:/root/.m2/repository/org/apache/cxf/cxf-rt-ws-addr/3.1.8/cxf-rt-ws-addr-3.1.8.jar:/root/.m2/repository/org/apache/cxf/cxf-rt-ws-policy/3.1.8/cxf-rt-ws-policy-3.1.8.jar:/root/.m2/repository/org/apache/neethi/neethi/3.0.3/neethi-3.0.3.jar:/root/dummy-java-spring/roo2/clinic/target/classes
-d
/root/dummy-java-spring/roo2/clinic/target/classes
/root/dummy-java-spring/roo2/clinic/src/main/java/org/springframework/roo/petclinic/repository/PetRepositoryCustom_Roo_Jpa_Repository_Custom.aj
/root/dummy-java-spring/roo2/clinic/src/main/java/org/springframework/roo/petclinic/repository/OwnerRepositoryCustom_Roo_Jpa_Repository_Custom.aj
/root/dummy-java-spring/roo2/clinic/src/main/java/org/springframework/roo/petclinic/repository/VisitRepositoryCustom.java
/root/dummy-java-spring/roo2/clinic/src/main/java/org/springframework/roo/petclinic/repository/VisitRepository.java
/root/dummy-java-spring/roo2/clinic/src/main/java/org/springframework/roo/petclinic/repository/OwnerRepositoryImpl.java
/root/dummy-java-spring/roo2/clinic/src/main/java/org/springframework/roo/petclinic/repository/VisitRepositoryImpl_Roo_Jpa_Repository_Impl.aj
/root/dummy-java-spring/roo2/clinic/src/main/java/org/springframework/roo/petclinic/repository/VisitRepositoryImpl.java
/root/dummy-java-spring/roo2/clinic/src/main/java/org/springframework/roo/petclinic/repository/VetRepositoryImpl_Roo_Jpa_Repository_Impl.aj
/root/dummy-java-spring/roo2/clinic/src/main/java/org/springframework/roo/petclinic/repository/OwnerRepository_Roo_Jpa_Repository.aj
/root/dummy-java-spring/roo2/clinic/src/main/java/org/springframework/roo/petclinic/repository/VisitRepositoryCustom_Roo_Jpa_Repository_Custom.aj
/root/dummy-java-spring/roo2/clinic/src/main/java/org/springframework/roo/petclinic/repository/VetRepositoryCustom_Roo_Jpa_Repository_Custom.aj
/root/dummy-java-spring/roo2/clinic/src/main/java/org/springframework/roo/petclinic/repository/OwnerRepositoryCustom.java
/root/dummy-java-spring/roo2/clinic/src/main/java/org/springframework/roo/petclinic/repository/VetRepositoryImpl.java
/root/dummy-java-spring/roo2/clinic/src/main/java/org/springframework/roo/petclinic/repository/VisitRepository_Roo_Jpa_Repository.aj
/root/dummy-java-spring/roo2/clinic/src/main/java/org/springframework/roo/petclinic/repository/PetRepositoryCustom.java
/root/dummy-java-spring/roo2/clinic/src/main/java/org/springframework/roo/petclinic/repository/PetRepositoryImpl.java
/root/dummy-java-spring/roo2/clinic/src/main/java/org/springframework/roo/petclinic/repository/PetRepository_Roo_Jpa_Repository.aj
/root/dummy-java-spring/roo2/clinic/src/main/java/org/springframework/roo/petclinic/repository/OwnerRepository.java
/root/dummy-java-spring/roo2/clinic/src/main/java/org/springframework/roo/petclinic/repository/VetRepository_Roo_Jpa_Repository.aj
/root/dummy-java-spring/roo2/clinic/src/main/java/org/springframework/roo/petclinic/repository/VetRepository.java
/root/dummy-java-spring/roo2/clinic/src/main/java/org/springframework/roo/petclinic/repository/PetRepository.java
/root/dummy-java-spring/roo2/clinic/src/main/java/org/springframework/roo/petclinic/repository/PetRepositoryImpl_Roo_Jpa_Repository_Impl.aj
/root/dummy-java-spring/roo2/clinic/src/main/java/org/springframework/roo/petclinic/repository/VetRepositoryCustom.java
/root/dummy-java-spring/roo2/clinic/src/main/java/org/springframework/roo/petclinic/web/OwnersSearchThymeleafController_Roo_Thymeleaf.aj
/root/dummy-java-spring/roo2/clinic/src/main/java/org/springframework/roo/petclinic/web/VisitsItemJsonController_Roo_Controller.aj
/root/dummy-java-spring/roo2/clinic/src/main/java/org/springframework/roo/petclinic/web/PetsItemVisitsThymeleafController_Roo_Controller.aj
/root/dummy-java-spring/roo2/clinic/src/main/java/org/springframework/roo/petclinic/web/OwnersItemPetsThymeleafController.java
/root/dummy-java-spring/roo2/clinic/src/main/java/org/springframework/roo/petclinic/web/VetsItemThymeleafController_Roo_Controller.aj
/root/dummy-java-spring/roo2/clinic/src/main/java/org/springframework/roo/petclinic/web/VetsCollectionThymeleafController_Roo_Thymeleaf.aj
/root/dummy-java-spring/roo2/clinic/src/main/java/org/springframework/roo/petclinic/web/VisitsItemThymeleafController_Roo_Thymeleaf.aj
/root/dummy-java-spring/roo2/clinic/src/main/java/org/springframework/roo/petclinic/web/PetsItemThymeleafController_Roo_Controller.aj
/root/dummy-java-spring/roo2/clinic/src/main/java/org/springframework/roo/petclinic/web/OwnersCollectionThymeleafController_Roo_Thymeleaf.aj
/root/dummy-java-spring/roo2/clinic/src/main/java/org/springframework/roo/petclinic/web/PetsItemVisitsThymeleafController.java
/root/dummy-java-spring/roo2/clinic/src/main/java/org/springframework/roo/petclinic/web/OwnersItemThymeleafController_Roo_Controller.aj
/root/dummy-java-spring/roo2/clinic/src/main/java/org/springframework/roo/petclinic/web/VisitsCollectionThymeleafController.java
/root/dummy-java-spring/roo2/clinic/src/main/java/org/springframework/roo/petclinic/web/VetsItemJsonController.java
/root/dummy-java-spring/roo2/clinic/src/main/java/org/springframework/roo/petclinic/web/VetDeserializer_Roo_EntityDeserializer.aj
/root/dummy-java-spring/roo2/clinic/src/main/java/org/springframework/roo/petclinic/web/PetsCollectionThymeleafController_Roo_Controller.aj
/root/dummy-java-spring/roo2/clinic/src/main/java/org/springframework/roo/petclinic/web/VetsItemJsonController_Roo_JSON.aj
/root/dummy-java-spring/roo2/clinic/src/main/java/org/springframework/roo/petclinic/web/VisitJsonMixin.java
/root/dummy-java-spring/roo2/clinic/src/main/java/org/springframework/roo/petclinic/web/PetsItemJsonController_Roo_Controller.aj
/root/dummy-java-spring/roo2/clinic/src/main/java/org/springframework/roo/petclinic/web/MainController.java
/root/dummy-java-spring/roo2/clinic/src/main/java/org/springframework/roo/petclinic/web/PetsCollectionThymeleafController_Roo_Thymeleaf.aj
/root/dummy-java-spring/roo2/clinic/src/main/java/org/springframework/roo/petclinic/web/VisitsCollectionThymeleafController_Roo_Thymeleaf.aj
/root/dummy-java-spring/roo2/clinic/src/main/java/org/springframework/roo/petclinic/web/OwnersItemJsonController_Roo_JSON.aj
/root/dummy-java-spring/roo2/clinic/src/main/java/org/springframework/roo/petclinic/web/PetsItemThymeleafController_Roo_Thymeleaf.aj
/root/dummy-java-spring/roo2/clinic/src/main/java/org/springframework/roo/petclinic/web/VisitDeserializer_Roo_EntityDeserializer.aj
/root/dummy-java-spring/roo2/clinic/src/main/java/org/springframework/roo/petclinic/web/VisitsItemJsonController.java
/root/dummy-java-spring/roo2/clinic/src/main/java/org/springframework/roo/petclinic/web/VetJsonMixin.java
/root/dummy-java-spring/roo2/clinic/src/main/java/org/springframework/roo/petclinic/web/OwnersItemJsonController.java
/root/dummy-java-spring/roo2/clinic/src/main/java/org/springframework/roo/petclinic/web/OwnersSearchThymeleafController_Roo_Controller.aj
/root/dummy-java-spring/roo2/clinic/src/main/java/org/springframework/roo/petclinic/web/OwnersCollectionJsonController.java
/root/dummy-java-spring/roo2/clinic/src/main/java/org/springframework/roo/petclinic/web/VisitsItemThymeleafController_Roo_Controller.aj
/root/dummy-java-spring/roo2/clinic/src/main/java/org/springframework/roo/petclinic/web/OwnersCollectionThymeleafController_Roo_Controller.aj
/root/dummy-java-spring/roo2/clinic/src/main/java/org/springframework/roo/petclinic/web/PetsItemThymeleafController.java
/root/dummy-java-spring/roo2/clinic/src/main/java/org/springframework/roo/petclinic/web/OwnersItemPetsThymeleafController_Roo_Thymeleaf.aj
/root/dummy-java-spring/roo2/clinic/src/main/java/org/springframework/roo/petclinic/web/OwnersCollectionJsonController_Roo_JSON.aj
/root/dummy-java-spring/roo2/clinic/src/main/java/org/springframework/roo/petclinic/web/PetsCollectionJsonController.java
/root/dummy-java-spring/roo2/clinic/src/main/java/org/springframework/roo/petclinic/web/VisitsItemThymeleafController.java
/root/dummy-java-spring/roo2/clinic/src/main/java/org/springframework/roo/petclinic/web/PetsSearchThymeleafController_Roo_Thymeleaf.aj
/root/dummy-java-spring/roo2/clinic/src/main/java/org/springframework/roo/petclinic/web/VetsItemJsonController_Roo_Controller.aj
/root/dummy-java-spring/roo2/clinic/src/main/java/org/springframework/roo/petclinic/web/PetsCollectionJsonController_Roo_JSON.aj
/root/dummy-java-spring/roo2/clinic/src/main/java/org/springframework/roo/petclinic/web/VisitsItemJsonController_Roo_JSON.aj
/root/dummy-java-spring/roo2/clinic/src/main/java/org/springframework/roo/petclinic/web/VetsItemVisitsThymeleafController.java
/root/dummy-java-spring/roo2/clinic/src/main/java/org/springframework/roo/petclinic/web/OwnerDeserializer_Roo_EntityDeserializer.aj
/root/dummy-java-spring/roo2/clinic/src/main/java/org/springframework/roo/petclinic/web/PetsSearchThymeleafController.java
/root/dummy-java-spring/roo2/clinic/src/main/java/org/springframework/roo/petclinic/web/VetsItemVisitsThymeleafController_Roo_Controller.aj
/root/dummy-java-spring/roo2/clinic/src/main/java/org/springframework/roo/petclinic/web/OwnersItemThymeleafController_Roo_Thymeleaf.aj
/root/dummy-java-spring/roo2/clinic/src/main/java/org/springframework/roo/petclinic/web/VetsCollectionThymeleafController.java
/root/dummy-java-spring/roo2/clinic/src/main/java/org/springframework/roo/petclinic/web/OwnerJsonMixin_Roo_JSONMixin.aj
/root/dummy-java-spring/roo2/clinic/src/main/java/org/springframework/roo/petclinic/web/OwnersItemJsonController_Roo_Controller.aj
/root/dummy-java-spring/roo2/clinic/src/main/java/org/springframework/roo/petclinic/web/OwnersItemPetsThymeleafController_Roo_Controller.aj
/root/dummy-java-spring/roo2/clinic/src/main/java/org/springframework/roo/petclinic/web/VetsItemThymeleafController_Roo_Thymeleaf.aj
/root/dummy-java-spring/roo2/clinic/src/main/java/org/springframework/roo/petclinic/web/PetsItemVisitsThymeleafController_Roo_Thymeleaf.aj
/root/dummy-java-spring/roo2/clinic/src/main/java/org/springframework/roo/petclinic/web/OwnerJsonMixin.java
/root/dummy-java-spring/roo2/clinic/src/main/java/org/springframework/roo/petclinic/web/PetsCollectionThymeleafController.java
/root/dummy-java-spring/roo2/clinic/src/main/java/org/springframework/roo/petclinic/web/VisitsCollectionJsonController.java
/root/dummy-java-spring/roo2/clinic/src/main/java/org/springframework/roo/petclinic/web/VisitDeserializer.java
/root/dummy-java-spring/roo2/clinic/src/main/java/org/springframework/roo/petclinic/web/OwnersSearchThymeleafController.java
/root/dummy-java-spring/roo2/clinic/src/main/java/org/springframework/roo/petclinic/web/VisitsCollectionJsonController_Roo_JSON.aj
/root/dummy-java-spring/roo2/clinic/src/main/java/org/springframework/roo/petclinic/web/VisitsCollectionThymeleafController_Roo_Controller.aj
/root/dummy-java-spring/roo2/clinic/src/main/java/org/springframework/roo/petclinic/web/PetsCollectionJsonController_Roo_Controller.aj
/root/dummy-java-spring/roo2/clinic/src/main/java/org/springframework/roo/petclinic/web/VisitsCollectionJsonController_Roo_Controller.aj
/root/dummy-java-spring/roo2/clinic/src/main/java/org/springframework/roo/petclinic/web/VetsCollectionThymeleafController_Roo_Controller.aj
/root/dummy-java-spring/roo2/clinic/src/main/java/org/springframework/roo/petclinic/web/PetsItemJsonController.java
/root/dummy-java-spring/roo2/clinic/src/main/java/org/springframework/roo/petclinic/web/VetsCollectionJsonController_Roo_JSON.aj
/root/dummy-java-spring/roo2/clinic/src/main/java/org/springframework/roo/petclinic/web/VisitJsonMixin_Roo_JSONMixin.aj
/root/dummy-java-spring/roo2/clinic/src/main/java/org/springframework/roo/petclinic/web/PetDeserializer.java
/root/dummy-java-spring/roo2/clinic/src/main/java/org/springframework/roo/petclinic/web/MainController_Roo_Thymeleaf_MainController.aj
/root/dummy-java-spring/roo2/clinic/src/main/java/org/springframework/roo/petclinic/web/PetJsonMixin.java
/root/dummy-java-spring/roo2/clinic/src/main/java/org/springframework/roo/petclinic/web/PetsSearchThymeleafController_Roo_Controller.aj
/root/dummy-java-spring/roo2/clinic/src/main/java/org/springframework/roo/petclinic/web/VetsItemVisitsThymeleafController_Roo_Thymeleaf.aj
/root/dummy-java-spring/roo2/clinic/src/main/java/org/springframework/roo/petclinic/web/PetsItemJsonController_Roo_JSON.aj
/root/dummy-java-spring/roo2/clinic/src/main/java/org/springframework/roo/petclinic/web/OwnerDeserializer.java
/root/dummy-java-spring/roo2/clinic/src/main/java/org/springframework/roo/petclinic/web/OwnersCollectionJsonController_Roo_Controller.aj
/root/dummy-java-spring/roo2/clinic/src/main/java/org/springframework/roo/petclinic/web/VetsCollectionJsonController_Roo_Controller.aj
/root/dummy-java-spring/roo2/clinic/src/main/java/org/springframework/roo/petclinic/web/VetsItemThymeleafController.java
/root/dummy-java-spring/roo2/clinic/src/main/java/org/springframework/roo/petclinic/web/VetDeserializer.java
/root/dummy-java-spring/roo2/clinic/src/main/java/org/springframework/roo/petclinic/web/OwnersCollectionThymeleafController.java
/root/dummy-java-spring/roo2/clinic/src/main/java/org/springframework/roo/petclinic/web/OwnersItemThymeleafController.java
/root/dummy-java-spring/roo2/clinic/src/main/java/org/springframework/roo/petclinic/web/VetsCollectionJsonController.java
/root/dummy-java-spring/roo2/clinic/src/main/java/org/springframework/roo/petclinic/web/PetDeserializer_Roo_EntityDeserializer.aj
/root/dummy-java-spring/roo2/clinic/src/main/java/org/springframework/roo/petclinic/web/PetJsonMixin_Roo_JSONMixin.aj
/root/dummy-java-spring/roo2/clinic/src/main/java/org/springframework/roo/petclinic/web/VetJsonMixin_Roo_JSONMixin.aj
/root/dummy-java-spring/roo2/clinic/src/main/java/org/springframework/roo/petclinic/config/WebMvcConfiguration.java
/root/dummy-java-spring/roo2/clinic/src/main/java/org/springframework/roo/petclinic/config/WsEndpointsConfiguration_Roo_WS_Endpoints.aj
/root/dummy-java-spring/roo2/clinic/src/main/java/org/springframework/roo/petclinic/config/jackson/DomainModelModule.java
/root/dummy-java-spring/roo2/clinic/src/main/java/org/springframework/roo/petclinic/config/jackson/DomainModelModule_Roo_DomainModelModule.aj
/root/dummy-java-spring/roo2/clinic/src/main/java/org/springframework/roo/petclinic/config/WebMvcConfiguration_Roo_ThymeleafUIConfiguration.aj
/root/dummy-java-spring/roo2/clinic/src/main/java/org/springframework/roo/petclinic/config/WsEndpointsConfiguration.java
/root/dummy-java-spring/roo2/clinic/src/main/java/org/springframework/roo/petclinic/config/WebMvcConfiguration_Roo_WebMvcConfiguration.aj
/root/dummy-java-spring/roo2/clinic/src/main/java/org/springframework/roo/petclinic/domain/Pet_Roo_Jpa_Entity.aj
/root/dummy-java-spring/roo2/clinic/src/main/java/org/springframework/roo/petclinic/domain/Pet_Roo_JavaBean.aj
/root/dummy-java-spring/roo2/clinic/src/main/java/org/springframework/roo/petclinic/domain/OwnerInfo_Roo_JavaBean.aj
/root/dummy-java-spring/roo2/clinic/src/main/java/org/springframework/roo/petclinic/domain/OwnerCityFormBean.java
/root/dummy-java-spring/roo2/clinic/src/main/java/org/springframework/roo/petclinic/domain/OwnerCityFormBean_Roo_JavaBean.aj
/root/dummy-java-spring/roo2/clinic/src/main/java/org/springframework/roo/petclinic/domain/Owner_Roo_Jaxb_Entity.aj
/root/dummy-java-spring/roo2/clinic/src/main/java/org/springframework/roo/petclinic/domain/OwnerInfo_Roo_Equals.aj
/root/dummy-java-spring/roo2/clinic/src/main/java/org/springframework/roo/petclinic/domain/Pet_Roo_ToString.aj
/root/dummy-java-spring/roo2/clinic/src/main/java/org/springframework/roo/petclinic/domain/Visit_Roo_Jpa_Entity.aj
/root/dummy-java-spring/roo2/clinic/src/main/java/org/springframework/roo/petclinic/domain/Vet_Roo_Jaxb_Entity.aj
/root/dummy-java-spring/roo2/clinic/src/main/java/org/springframework/roo/petclinic/domain/Owner_Roo_JavaBean.aj
/root/dummy-java-spring/roo2/clinic/src/main/java/org/springframework/roo/petclinic/domain/OwnerFirstNameFormBean.java
/root/dummy-java-spring/roo2/clinic/src/main/java/org/springframework/roo/petclinic/domain/PetNameAndWeightFormBean_Roo_JavaBean.aj
/root/dummy-java-spring/roo2/clinic/src/main/java/org/springframework/roo/petclinic/domain/Vet_Roo_JavaBean.aj
/root/dummy-java-spring/roo2/clinic/src/main/java/org/springframework/roo/petclinic/domain/Owner.java
/root/dummy-java-spring/roo2/clinic/src/main/java/org/springframework/roo/petclinic/domain/Pet_Roo_Jaxb_Entity.aj
/root/dummy-java-spring/roo2/clinic/src/main/java/org/springframework/roo/petclinic/domain/Visit_Roo_JavaBean.aj
/root/dummy-java-spring/roo2/clinic/src/main/java/org/springframework/roo/petclinic/domain/AbstractPerson_Roo_Jpa_Entity.aj
/root/dummy-java-spring/roo2/clinic/src/main/java/org/springframework/roo/petclinic/domain/Owner_Roo_ToString.aj
/root/dummy-java-spring/roo2/clinic/src/main/java/org/springframework/roo/petclinic/domain/Vet_Roo_Jpa_Entity.aj
/root/dummy-java-spring/roo2/clinic/src/main/java/org/springframework/roo/petclinic/domain/Visit_Roo_Jaxb_Entity.aj
/root/dummy-java-spring/roo2/clinic/src/main/java/org/springframework/roo/petclinic/domain/OwnerInfo_Roo_ToString.aj
/root/dummy-java-spring/roo2/clinic/src/main/java/org/springframework/roo/petclinic/domain/PetNameAndWeightFormBean.java
/root/dummy-java-spring/roo2/clinic/src/main/java/org/springframework/roo/petclinic/domain/Vet_Roo_ToString.aj
/root/dummy-java-spring/roo2/clinic/src/main/java/org/springframework/roo/petclinic/domain/AbstractPerson.java
/root/dummy-java-spring/roo2/clinic/src/main/java/org/springframework/roo/petclinic/domain/Visit_Roo_ToString.aj
/root/dummy-java-spring/roo2/clinic/src/main/java/org/springframework/roo/petclinic/domain/Pet.java
/root/dummy-java-spring/roo2/clinic/src/main/java/org/springframework/roo/petclinic/domain/Visit.java
/root/dummy-java-spring/roo2/clinic/src/main/java/org/springframework/roo/petclinic/domain/OwnerInfo.java
/root/dummy-java-spring/roo2/clinic/src/main/java/org/springframework/roo/petclinic/domain/AbstractPerson_Roo_ToString.aj
/root/dummy-java-spring/roo2/clinic/src/main/java/org/springframework/roo/petclinic/domain/Owner_Roo_Jpa_Entity.aj
/root/dummy-java-spring/roo2/clinic/src/main/java/org/springframework/roo/petclinic/domain/OwnerFirstNameFormBean_Roo_JavaBean.aj
/root/dummy-java-spring/roo2/clinic/src/main/java/org/springframework/roo/petclinic/domain/Vet.java
/root/dummy-java-spring/roo2/clinic/src/main/java/org/springframework/roo/petclinic/domain/OwnerInfo_Roo_Projection.aj
/root/dummy-java-spring/roo2/clinic/src/main/java/org/springframework/roo/petclinic/domain/AbstractPerson_Roo_Jaxb_Entity.aj
/root/dummy-java-spring/roo2/clinic/src/main/java/org/springframework/roo/petclinic/domain/AbstractPerson_Roo_JavaBean.aj
/root/dummy-java-spring/roo2/clinic/src/main/java/org/springframework/roo/petclinic/validation/CollectionValidator.java
/root/dummy-java-spring/roo2/clinic/src/main/java/org/springframework/roo/petclinic/validation/ValidatorAdvice.java
/root/dummy-java-spring/roo2/clinic/src/main/java/org/springframework/roo/petclinic/reference/PetType.java
/root/dummy-java-spring/roo2/clinic/src/main/java/org/springframework/roo/petclinic/reference/Specialty.java
/root/dummy-java-spring/roo2/clinic/src/main/java/org/springframework/roo/petclinic/PetclinicApplication.java
/root/dummy-java-spring/roo2/clinic/src/main/java/org/springframework/roo/petclinic/service/api/VisitService.java
/root/dummy-java-spring/roo2/clinic/src/main/java/org/springframework/roo/petclinic/service/api/OwnerService.java
/root/dummy-java-spring/roo2/clinic/src/main/java/org/springframework/roo/petclinic/service/api/VisitService_Roo_Service.aj
/root/dummy-java-spring/roo2/clinic/src/main/java/org/springframework/roo/petclinic/service/api/VetService.java
/root/dummy-java-spring/roo2/clinic/src/main/java/org/springframework/roo/petclinic/service/api/PetService.java
/root/dummy-java-spring/roo2/clinic/src/main/java/org/springframework/roo/petclinic/service/api/OwnerService_Roo_Service.aj
/root/dummy-java-spring/roo2/clinic/src/main/java/org/springframework/roo/petclinic/service/api/VetService_Roo_Service.aj
/root/dummy-java-spring/roo2/clinic/src/main/java/org/springframework/roo/petclinic/service/api/PetService_Roo_Service.aj
/root/dummy-java-spring/roo2/clinic/src/main/java/org/springframework/roo/petclinic/service/impl/VetServiceImpl.java
/root/dummy-java-spring/roo2/clinic/src/main/java/org/springframework/roo/petclinic/service/impl/OwnerServiceImpl_Roo_Service_Impl.aj
/root/dummy-java-spring/roo2/clinic/src/main/java/org/springframework/roo/petclinic/service/impl/VisitServiceImpl.java
/root/dummy-java-spring/roo2/clinic/src/main/java/org/springframework/roo/petclinic/service/impl/PetServiceImpl_Roo_Service_Impl.aj
/root/dummy-java-spring/roo2/clinic/src/main/java/org/springframework/roo/petclinic/service/impl/OwnerServiceImpl.java
/root/dummy-java-spring/roo2/clinic/src/main/java/org/springframework/roo/petclinic/service/impl/VetServiceImpl_Roo_Service_Impl.aj
/root/dummy-java-spring/roo2/clinic/src/main/java/org/springframework/roo/petclinic/service/impl/VisitServiceImpl_Roo_Service_Impl.aj
/root/dummy-java-spring/roo2/clinic/src/main/java/org/springframework/roo/petclinic/service/impl/PetServiceImpl.java
/root/dummy-java-spring/roo2/clinic/src/main/java/org/springframework/roo/petclinic/service/impl/OwnerServiceImpl_Roo_Security_Authorizations.aj
/root/dummy-java-spring/roo2/clinic/src/main/java/org/springframework/roo/petclinic/ws/endpoint/PetWebServiceEndpoint.java
/root/dummy-java-spring/roo2/clinic/src/main/java/org/springframework/roo/petclinic/ws/endpoint/PetWebServiceEndpoint_Roo_WS_Endpoint.aj
/root/dummy-java-spring/roo2/clinic/src/main/java/org/springframework/roo/petclinic/ws/endpoint/OwnerWebServiceEndpoint.java
/root/dummy-java-spring/roo2/clinic/src/main/java/org/springframework/roo/petclinic/ws/endpoint/OwnerWebServiceEndpoint_Roo_WS_Endpoint.aj
/root/dummy-java-spring/roo2/clinic/src/main/java/org/springframework/roo/petclinic/ws/api/OwnerWebService_Roo_WS_SEI.aj
/root/dummy-java-spring/roo2/clinic/src/main/java/org/springframework/roo/petclinic/ws/api/PetWebService.java
/root/dummy-java-spring/roo2/clinic/src/main/java/org/springframework/roo/petclinic/ws/api/PetWebService_Roo_WS_SEI.aj
/root/dummy-java-spring/roo2/clinic/src/main/java/org/springframework/roo/petclinic/ws/api/OwnerWebService.java
/root/dummy-java-spring/roo2/clinic/target/generated-sources/java/org/springframework/roo/petclinic/domain/QVisit.java
/root/dummy-java-spring/roo2/clinic/target/generated-sources/java/org/springframework/roo/petclinic/domain/QVet.java
/root/dummy-java-spring/roo2/clinic/target/generated-sources/java/org/springframework/roo/petclinic/domain/QAbstractPerson.java
/root/dummy-java-spring/roo2/clinic/target/generated-sources/java/org/springframework/roo/petclinic/domain/QPet.java
/root/dummy-java-spring/roo2/clinic/target/generated-sources/java/org/springframework/roo/petclinic/domain/QOwner.java
